Build started 2018/6/15 10:18:15.
     1>Project "E:\work\code\work-av\av-demos\YUVplayer\yuvplayer\yuvplayer.vcxproj" on node 2 (rebuild target(s)).
     1>InitializeBuildStatus:
         Creating "Debug\yuvplayer.unsuccessfulbuild" because "AlwaysCreate" was specified.
       ClCompile:
         D:\Program Files\Microsoft Visual Studio 10.0\VC\bin\CL.exe /c /ZI /nologo /W3 /WX- /Od /Oy- /D WIN32 /D _WINDOWS /D _DEBUG /D _UNICODE /D UNICODE /Gm /EHsc /RTC1 /MTd /GS /fp:precise /Zc:wchar_t /Zc:forScope /Yc"StdAfx.h" /Fp"Debug\yuvplayer.pch" /Fo"Debug\\" /Fd"Debug\vc100.pdb" /Gd /TP /analyze- /errorReport:prompt stdafx.cpp
         stdafx.cpp
         D:\Program Files\Microsoft Visual Studio 10.0\VC\bin\CL.exe /c /ZI /nologo /W3 /WX- /Od /Oy- /D WIN32 /D _WINDOWS /D _DEBUG /D _UNICODE /D UNICODE /Gm /EHsc /RTC1 /MTd /GS /fp:precise /Zc:wchar_t /Zc:forScope /Yu"StdAfx.h" /Fp"Debug\yuvplayer.pch" /Fo"Debug\\" /Fd"Debug\vc100.pdb" /Gd /TP /analyze- /errorReport:prompt AboutDlg.cpp GoDialog.cpp OpenGLView.cpp SizeDialog.cpp yuvplayer.cpp yuvplayerDlg.cpp
         yuvplayerDlg.cpp
     1>e:\work\code\work-av\av-demos\yuvplayer\yuvplayer\yuvplayerdlg.cpp(330): warning C4018: '<' : signed/unsigned mismatch
     1>e:\work\code\work-av\av-demos\yuvplayer\yuvplayer\yuvplayerdlg.cpp(1562): warning C4996: 'wcsncpy': This function or variable may be unsafe. Consider using wcsncpy_s instead. To disable deprecation, use _CRT_SECURE_NO_WARNINGS. See online help for details.
                 d:\program files\microsoft visual studio 10.0\vc\include\string.h(306) : see declaration of 'wcsncpy'
         yuvplayer.cpp
         SizeDialog.cpp
         OpenGLView.cpp
         GoDialog.cpp
         AboutDlg.cpp
         Generating Code...
       ResourceCompile:
         C:\Program Files\Microsoft SDKs\Windows\v7.0A\bin\rc.exe /D _DEBUG /D _UNICODE /D UNICODE /l"0x0409" /IDebug\ /nologo /fo"Debug\yuvplayer.res" yuvplayer.rc 
       ManifestResourceCompile:
         C:\Program Files\Microsoft SDKs\Windows\v7.0A\bin\rc.exe /nologo /fo"Debug\yuvplayer.exe.embed.manifest.res" Debug\yuvplayer_manifest.rc 
       Link:
         D:\Program Files\Microsoft Visual Studio 10.0\VC\bin\link.exe /ERRORREPORT:PROMPT /OUT:"E:\work\code\work-av\av-demos\Debug\yuvplayer.exe" /INCREMENTAL /NOLOGO opengl32.lib /MANIFEST /ManifestFile:"Debug\yuvplayer.exe.intermediate.manifest" /MANIFESTUAC:"level='asInvoker' uiAccess='false'" /DEBUG /PDB:"E:\work\code\work-av\av-demos\Debug\yuvplayer.pdb" /SUBSYSTEM:WINDOWS /TLBID:1 /ENTRY:"wWinMainCRTStartup" /DYNAMICBASE:NO /IMPLIB:"E:\work\code\work-av\av-demos\Debug\yuvplayer.lib" /MACHINE:X86 Debug\yuvplayer.res
         Debug\yuvplayer.exe.embed.manifest.res
         Debug\AboutDlg.obj
         Debug\GoDialog.obj
         Debug\OpenGLView.obj
         Debug\SizeDialog.obj
         Debug\stdafx.obj
         Debug\yuvplayer.obj
         Debug\yuvplayerDlg.obj
       Manifest:
         Deleting file "Debug\yuvplayer.exe.embed.manifest".
         C:\Program Files\Microsoft SDKs\Windows\v7.0A\bin\mt.exe /nologo /verbose /out:"Debug\yuvplayer.exe.embed.manifest" /manifest Debug\yuvplayer.exe.intermediate.manifest "D:\Program Files\Microsoft Visual Studio 10.0\VC\Include\Manifest\dpiaware.manifest"
         C:\Program Files\Microsoft SDKs\Windows\v7.0A\bin\rc.exe /nologo /fo"Debug\yuvplayer.exe.embed.manifest.res" Debug\yuvplayer_manifest.rc 
       LinkEmbedManifest:
         D:\Program Files\Microsoft Visual Studio 10.0\VC\bin\link.exe /ERRORREPORT:PROMPT /OUT:"E:\work\code\work-av\av-demos\Debug\yuvplayer.exe" /INCREMENTAL /NOLOGO opengl32.lib /MANIFEST /ManifestFile:"Debug\yuvplayer.exe.intermediate.manifest" /MANIFESTUAC:"level='asInvoker' uiAccess='false'" /DEBUG /PDB:"E:\work\code\work-av\av-demos\Debug\yuvplayer.pdb" /SUBSYSTEM:WINDOWS /TLBID:1 /ENTRY:"wWinMainCRTStartup" /DYNAMICBASE:NO /IMPLIB:"E:\work\code\work-av\av-demos\Debug\yuvplayer.lib" /MACHINE:X86 Debug\yuvplayer.res
         Debug\yuvplayer.exe.embed.manifest.res
         Debug\AboutDlg.obj
         Debug\GoDialog.obj
         Debug\OpenGLView.obj
         Debug\SizeDialog.obj
         Debug\stdafx.obj
         Debug\yuvplayer.obj
         Debug\yuvplayerDlg.obj
         yuvplayer.vcxproj -> E:\work\code\work-av\av-demos\Debug\yuvplayer.exe
       FinalizeBuildStatus:
         Deleting file "Debug\yuvplayer.unsuccessfulbuild".
         Touching "Debug\yuvplayer.lastbuildstate".
     1>Done Building Project "E:\work\code\work-av\av-demos\YUVplayer\yuvplayer\yuvplayer.vcxproj" (rebuild target(s)).

Build succeeded.

Time Elapsed 00:00:59.64
